{"level":"info","message":"Message table created","timestamp":"2023-05-16T15:04:15.060Z"}
{"level":"info","message":"Listening on  http://localhost:3001","timestamp":"2023-05-16T15:04:15.355Z"}
{"level":"info","message":"Database connected...","timestamp":"2023-05-16T15:04:21.494Z"}
{"level":"info","message":"Message table created","timestamp":"2023-05-16T15:04:27.540Z"}
{"level":"info","message":"Listening on  http://localhost:3001","timestamp":"2023-05-16T15:04:27.632Z"}
{"level":"info","message":"Database connected...","timestamp":"2023-05-16T15:04:31.204Z"}
{"level":"info","message":"Tables created....","timestamp":"2023-05-16T15:05:01.285Z"}
{"level":"info","message":"Message table created","timestamp":"2023-05-16T15:23:54.866Z"}
{"level":"info","message":"Listening on  http://localhost:3001","timestamp":"2023-05-16T15:23:55.321Z"}
{"level":"info","message":"Database connected...","timestamp":"2023-05-16T15:24:00.747Z"}
{"level":"info","message":"Tables created....","timestamp":"2023-05-16T15:24:34.611Z"}
{"level":"info","message":"Message table created","timestamp":"2023-05-16T16:53:10.782Z"}
{"level":"info","message":"Listening on  http://localhost:3001","timestamp":"2023-05-16T16:53:11.263Z"}
{"level":"info","message":"Database connected...","timestamp":"2023-05-16T16:54:08.677Z"}
{"level":"info","message":"Tables created....","timestamp":"2023-05-16T16:54:39.017Z"}
{"level":"info","message":"Message table created","timestamp":"2023-05-16T16:56:56.664Z"}
{"level":"info","message":"Listening on  http://localhost:3001","timestamp":"2023-05-16T16:56:56.784Z"}
{"level":"info","message":"Database connected...","timestamp":"2023-05-16T16:57:01.179Z"}
{"level":"info","message":"Tables created....","timestamp":"2023-05-16T16:57:32.609Z"}
{"level":"info","message":"Message table created","timestamp":"2023-05-16T17:03:24.063Z"}
{"level":"info","message":"Listening on  http://localhost:3001","timestamp":"2023-05-16T17:03:24.247Z"}
{"level":"info","message":"Database connected...","timestamp":"2023-05-16T17:03:28.595Z"}
{"level":"info","message":"Tables created....","timestamp":"2023-05-16T17:04:00.728Z"}
{"level":"info","message":"Message table created","timestamp":"2023-05-16T17:10:00.555Z"}
{"level":"info","message":"Listening on  http://localhost:3001","timestamp":"2023-05-16T17:10:00.856Z"}
{"level":"info","message":"Database connected...","timestamp":"2023-05-16T17:10:05.825Z"}
{"level":"info","message":"Tables created....","timestamp":"2023-05-16T17:10:41.974Z"}
{"level":"info","message":"Message table created","timestamp":"2023-05-16T17:11:25.001Z"}
{"level":"info","message":"Listening on  http://localhost:3001","timestamp":"2023-05-16T17:11:25.093Z"}
{"level":"info","message":"Database connected...","timestamp":"2023-05-16T17:11:28.702Z"}
{"level":"info","message":"Tables created....","timestamp":"2023-05-16T17:12:00.454Z"}
{"level":"info","message":"Message table created","timestamp":"2023-05-16T17:12:25.500Z"}
{"level":"info","message":"Listening on  http://localhost:3001","timestamp":"2023-05-16T17:12:25.678Z"}
{"level":"info","message":"Database connected...","timestamp":"2023-05-16T17:12:29.839Z"}
{"level":"info","message":"Tables created....","timestamp":"2023-05-16T17:13:01.943Z"}
{"level":"info","message":"Message table created","timestamp":"2023-05-17T04:23:59.990Z"}
{"level":"info","message":"Listening on  http://localhost:3001","timestamp":"2023-05-17T04:24:08.207Z"}
{"level":"info","message":"Database connected...","timestamp":"2023-05-17T04:24:17.802Z"}
{"level":"info","message":"Tables created....","timestamp":"2023-05-17T04:24:51.145Z"}
{"level":"info","message":"Message table created","timestamp":"2023-05-17T04:34:59.482Z"}
{"level":"info","message":"Listening on  http://localhost:3001","timestamp":"2023-05-17T04:35:00.262Z"}
{"level":"info","message":"Database connected...","timestamp":"2023-05-17T04:35:05.207Z"}
{"level":"info","message":"Tables created....","timestamp":"2023-05-17T04:35:35.093Z"}
{"level":"info","message":"Message table created","timestamp":"2023-05-17T04:44:40.546Z"}
{"level":"info","message":"Listening on  http://localhost:3001","timestamp":"2023-05-17T04:44:41.482Z"}
{"level":"info","message":"Database connected...","timestamp":"2023-05-17T04:44:45.089Z"}
{"level":"info","message":"Tables created....","timestamp":"2023-05-17T04:45:14.371Z"}
{"level":"info","message":"Message table created","timestamp":"2023-05-17T04:45:56.105Z"}
{"level":"info","message":"Listening on  http://localhost:3001","timestamp":"2023-05-17T04:45:56.290Z"}
{"level":"info","message":"Database connected...","timestamp":"2023-05-17T04:46:00.710Z"}
{"level":"info","message":"Message table created","timestamp":"2023-05-17T04:46:19.959Z"}
{"level":"info","message":"Listening on  http://localhost:3001","timestamp":"2023-05-17T04:46:20.048Z"}
{"level":"info","message":"Database connected...","timestamp":"2023-05-17T04:46:23.565Z"}
{"level":"info","message":"Message table created","timestamp":"2023-05-17T04:46:59.329Z"}
{"level":"info","message":"Listening on  http://localhost:3001","timestamp":"2023-05-17T04:46:59.519Z"}
{"level":"info","message":"Database connected...","timestamp":"2023-05-17T04:47:03.581Z"}
{"level":"info","message":"Message table created","timestamp":"2023-05-17T04:47:20.830Z"}
{"level":"info","message":"Listening on  http://localhost:3001","timestamp":"2023-05-17T04:47:20.925Z"}
{"level":"info","message":"Database connected...","timestamp":"2023-05-17T04:47:25.699Z"}
{"level":"info","message":"Tables created....","timestamp":"2023-05-17T04:47:59.090Z"}
{"level":"info","message":"Job scheduled","timestamp":"2023-05-17T04:53:27.234Z"}
{"message":"Validation error","stack":"Error\n    at Query.run (C:\\Users\\Acer\\Desktop\\Veera\\node_modules\\sequelize\\lib\\dialects\\postgres\\query.js:50:25)\n    at C:\\Users\\Acer\\Desktop\\Veera\\node_modules\\sequelize\\lib\\sequelize.js:315:28\n    at process.processTicksAndRejections (node:internal/process/task_queues:95:5)\n    at async PostgresQueryInterface.insert (C:\\Users\\Acer\\Desktop\\Veera\\node_modules\\sequelize\\lib\\dialects\\abstract\\query-interface.js:308:21)\n    at async model.save (C:\\Users\\Acer\\Desktop\\Veera\\node_modules\\sequelize\\lib\\model.js:2490:35)\n    at async Employee.create (C:\\Users\\Acer\\Desktop\\Veera\\node_modules\\sequelize\\lib\\model.js:1362:12)\n    at async C:\\Users\\Acer\\Desktop\\Veera\\routes\\employees.js:223:22","name":"SequelizeUniqueConstraintError","errors":[{"message":"email must be unique","type":"unique violation","path":"email","value":"something","origin":"DB","instance":{"total_working_hours":8,"total_working_days":25,"salary_per_hour":99,"id":null,"name":"KaranGenssedu","email":"something","password":"$2b$10$gqYhaFHBvkzdHwwvpVsUdOjwX5Ps6kQm3A6QkMC7SSSL07FM8vaty","isAdmin":true,"updatedAt":"2023-05-17T05:28:25.574Z","createdAt":"2023-05-17T05:28:25.574Z"},"validatorKey":"not_unique","validatorName":null,"validatorArgs":[]}],"parent":{"length":213,"name":"error","severity":"ERROR","code":"23505","detail":"Key (email)=(something) already exists.","schema":"public","table":"Employees","constraint":"Employees_email_key","file":"nbtinsert.c","line":"649","routine":"_bt_check_unique","sql":"INSERT INTO \"Employees\" (\"id\",\"name\",\"email\",\"password\",\"isAdmin\",\"total_working_hours\",\"total_working_days\",\"salary_per_hour\",\"createdAt\",\"updatedAt\") VALUES (DEFAULT,$1,$2,$3,$4,$5,$6,$7,$8,$9) RETURNING \"id\",\"name\",\"email\",\"password\",\"age\",\"phone\",\"salary\",\"isAdmin\",\"manager_id\",\"education_id\",\"department_id\",\"performance_id\",\"total_working_hours\",\"total_working_days\",\"salary_per_hour\",\"socket_id\",\"createdAt\",\"updatedAt\";","parameters":["KaranGenssedu","something","$2b$10$gqYhaFHBvkzdHwwvpVsUdOjwX5Ps6kQm3A6QkMC7SSSL07FM8vaty",true,8,25,99,"2023-05-17 05:28:25.574 +00:00","2023-05-17 05:28:25.574 +00:00"]},"original":{"length":213,"name":"error","severity":"ERROR","code":"23505","detail":"Key (email)=(something) already exists.","schema":"public","table":"Employees","constraint":"Employees_email_key","file":"nbtinsert.c","line":"649","routine":"_bt_check_unique","sql":"INSERT INTO \"Employees\" (\"id\",\"name\",\"email\",\"password\",\"isAdmin\",\"total_working_hours\",\"total_working_days\",\"salary_per_hour\",\"createdAt\",\"updatedAt\") VALUES (DEFAULT,$1,$2,$3,$4,$5,$6,$7,$8,$9) RETURNING \"id\",\"name\",\"email\",\"password\",\"age\",\"phone\",\"salary\",\"isAdmin\",\"manager_id\",\"education_id\",\"department_id\",\"performance_id\",\"total_working_hours\",\"total_working_days\",\"salary_per_hour\",\"socket_id\",\"createdAt\",\"updatedAt\";","parameters":["KaranGenssedu","something","$2b$10$gqYhaFHBvkzdHwwvpVsUdOjwX5Ps6kQm3A6QkMC7SSSL07FM8vaty",true,8,25,99,"2023-05-17 05:28:25.574 +00:00","2023-05-17 05:28:25.574 +00:00"]},"fields":{"email":"something"},"sql":"INSERT INTO \"Employees\" (\"id\",\"name\",\"email\",\"password\",\"isAdmin\",\"total_working_hours\",\"total_working_days\",\"salary_per_hour\",\"createdAt\",\"updatedAt\") VALUES (DEFAULT,$1,$2,$3,$4,$5,$6,$7,$8,$9) RETURNING \"id\",\"name\",\"email\",\"password\",\"age\",\"phone\",\"salary\",\"isAdmin\",\"manager_id\",\"education_id\",\"department_id\",\"performance_id\",\"total_working_hours\",\"total_working_days\",\"salary_per_hour\",\"socket_id\",\"createdAt\",\"updatedAt\";","level":"error","timestamp":"2023-05-17T05:28:28.330Z"}
{"level":"info","message":"Message table created","timestamp":"2023-05-17T05:29:52.287Z"}
{"level":"info","message":"Listening on  http://localhost:3001","timestamp":"2023-05-17T05:29:53.051Z"}
{"level":"info","message":"Database connected...","timestamp":"2023-05-17T05:29:56.325Z"}
{"level":"info","message":"Tables created....","timestamp":"2023-05-17T05:30:26.413Z"}
{"level":"info","message":"No user exists...","timestamp":"2023-05-17T06:25:36.284Z"}
{"level":"info","message":"Job scheduled","timestamp":"2023-05-17T06:25:42.434Z"}
{"level":"info","message":"Message table created","timestamp":"2023-05-17T06:28:49.778Z"}
{"level":"info","message":"Listening on  http://localhost:3001","timestamp":"2023-05-17T06:28:52.322Z"}
{"level":"info","message":"Database connected...","timestamp":"2023-05-17T06:28:58.042Z"}
{"level":"info","message":"Tables created....","timestamp":"2023-05-17T06:29:29.488Z"}
{"level":"info","message":"No user exists...","timestamp":"2023-05-17T06:43:37.811Z"}
{"level":"info","message":"Job scheduled","timestamp":"2023-05-17T06:43:47.628Z"}
{"level":"info","message":"1","timestamp":"2023-05-17T06:44:33.931Z"}
{"level":"info","message":"Message table created","timestamp":"2023-05-17T06:46:16.312Z"}
{"level":"info","message":"Listening on  http://localhost:3001","timestamp":"2023-05-17T06:46:17.223Z"}
{"level":"info","message":"Database connected...","timestamp":"2023-05-17T06:46:20.711Z"}
{"level":"info","message":"Tables created....","timestamp":"2023-05-17T06:46:49.774Z"}
{"level":"info","message":"Message table created","timestamp":"2023-05-17T06:48:13.811Z"}
{"level":"info","message":"Listening on  http://localhost:3001","timestamp":"2023-05-17T06:48:14.069Z"}
{"level":"info","message":"Database connected...","timestamp":"2023-05-17T06:48:17.612Z"}
{"level":"info","message":"Message table created","timestamp":"2023-05-17T06:48:24.566Z"}
{"level":"info","message":"Listening on  http://localhost:3001","timestamp":"2023-05-17T06:48:24.712Z"}
{"level":"info","message":"Message table created","timestamp":"2023-05-17T06:48:50.326Z"}
{"level":"info","message":"Listening on  http://localhost:3001","timestamp":"2023-05-17T06:48:51.244Z"}
{"level":"info","message":"Message table created","timestamp":"2023-05-17T06:49:02.546Z"}
{"level":"info","message":"Listening on  http://localhost:3001","timestamp":"2023-05-17T06:49:02.835Z"}
{"level":"info","message":"Message table created","timestamp":"2023-05-17T06:49:20.125Z"}
{"level":"info","message":"Listening on  http://localhost:3001","timestamp":"2023-05-17T06:49:20.251Z"}
{"level":"info","message":"Message table created","timestamp":"2023-05-17T06:49:29.227Z"}
{"level":"info","message":"Listening on  http://localhost:3001","timestamp":"2023-05-17T06:49:29.321Z"}
{"level":"info","message":"Database connected...","timestamp":"2023-05-17T06:49:33.114Z"}
{"level":"info","message":"Tables created....","timestamp":"2023-05-17T06:50:03.034Z"}
{"level":"info","message":"Message table created","timestamp":"2023-05-17T07:01:34.965Z"}
{"level":"info","message":"Listening on  http://localhost:3001","timestamp":"2023-05-17T07:01:35.842Z"}
{"level":"info","message":"Database connected...","timestamp":"2023-05-17T07:01:39.151Z"}
{"level":"info","message":"Tables created....","timestamp":"2023-05-17T07:02:08.533Z"}
{"level":"info","message":"Message table created","timestamp":"2023-05-17T07:29:39.311Z"}
{"level":"info","message":"Listening on  http://localhost:3001","timestamp":"2023-05-17T07:29:39.937Z"}
{"level":"info","message":"Database connected...","timestamp":"2023-05-17T07:29:43.519Z"}
{"level":"info","message":"Message table created","timestamp":"2023-05-17T07:29:55.670Z"}
{"level":"info","message":"Listening on  http://localhost:3001","timestamp":"2023-05-17T07:29:55.903Z"}
{"level":"info","message":"Database connected...","timestamp":"2023-05-17T07:29:59.326Z"}
{"level":"info","message":"Tables created....","timestamp":"2023-05-17T07:30:29.580Z"}
{"level":"info","message":"Message table created","timestamp":"2023-05-17T07:36:53.158Z"}
{"level":"info","message":"Listening on  http://localhost:3001","timestamp":"2023-05-17T07:36:54.167Z"}
{"level":"info","message":"Database connected...","timestamp":"2023-05-17T07:36:57.768Z"}
{"level":"info","message":"Tables created....","timestamp":"2023-05-17T07:37:27.306Z"}
{"level":"info","message":"Message table created","timestamp":"2023-05-17T13:24:35.029Z"}
{"level":"info","message":"Listening on  http://localhost:3001","timestamp":"2023-05-17T13:24:36.033Z"}
{"level":"info","message":"Database connected...","timestamp":"2023-05-17T13:24:40.375Z"}
{"level":"info","message":"Tables created....","timestamp":"2023-05-17T13:25:13.915Z"}
{"level":"info","message":"Message table created","timestamp":"2023-05-17T13:27:52.803Z"}
{"level":"info","message":"Listening on  http://localhost:3001","timestamp":"2023-05-17T13:27:53.167Z"}
{"level":"info","message":"Message table created","timestamp":"2023-05-17T13:28:00.663Z"}
{"level":"info","message":"Listening on  http://localhost:3001","timestamp":"2023-05-17T13:28:00.811Z"}
{"level":"info","message":"Database connected...","timestamp":"2023-05-17T13:28:04.041Z"}
{"level":"info","message":"Message table created","timestamp":"2023-05-17T13:28:46.917Z"}
{"level":"info","message":"Listening on  http://localhost:3001","timestamp":"2023-05-17T13:28:47.397Z"}
{"level":"info","message":"Database connected...","timestamp":"2023-05-17T13:28:51.817Z"}
{"message":"Tables NOT created...","stack":"Error\n    at Query.run (C:\\Users\\Acer\\Desktop\\Veera\\node_modules\\sequelize\\lib\\dialects\\postgres\\query.js:50:25)\n    at C:\\Users\\Acer\\Desktop\\Veera\\node_modules\\sequelize\\lib\\sequelize.js:315:28\n    at process.processTicksAndRejections (node:internal/process/task_queues:95:5)\n    at async PostgresQueryInterface.addIndex (C:\\Users\\Acer\\Desktop\\Veera\\node_modules\\sequelize\\lib\\dialects\\abstract\\query-interface.js:250:12)\n    at async Performance.sync (C:\\Users\\Acer\\Desktop\\Veera\\node_modules\\sequelize\\lib\\model.js:999:7)\n    at async Sequelize.sync (C:\\Users\\Acer\\Desktop\\Veera\\node_modules\\sequelize\\lib\\sequelize.js:377:9)","name":"SequelizeDatabaseError","parent":{"length":104,"name":"error","severity":"ERROR","code":"42703","file":"indexcmds.c","line":"1787","routine":"ComputeIndexAttrs","sql":"CREATE INDEX \"performances_status_classification\" ON \"Performances\" (\"status\", \"classification\")"},"original":{"length":104,"name":"error","severity":"ERROR","code":"42703","file":"indexcmds.c","line":"1787","routine":"ComputeIndexAttrs","sql":"CREATE INDEX \"performances_status_classification\" ON \"Performances\" (\"status\", \"classification\")"},"sql":"CREATE INDEX \"performances_status_classification\" ON \"Performances\" (\"status\", \"classification\")","parameters":{},"level":"info","timestamp":"2023-05-17T13:29:08.299Z"}
{"level":"info","message":"Message table created","timestamp":"2023-05-17T14:08:29.827Z"}
{"level":"info","message":"Listening on  http://localhost:3001","timestamp":"2023-05-17T14:08:29.999Z"}
{"level":"info","message":"Database connected...","timestamp":"2023-05-17T14:08:35.956Z"}
{"message":"Tables NOT created...","stack":"Error\n    at Query.run (C:\\Users\\Acer\\Desktop\\Veera\\node_modules\\sequelize\\lib\\dialects\\postgres\\query.js:50:25)\n    at C:\\Users\\Acer\\Desktop\\Veera\\node_modules\\sequelize\\lib\\sequelize.js:315:28\n    at process.processTicksAndRejections (node:internal/process/task_queues:95:5)\n    at async PostgresQueryInterface.addIndex (C:\\Users\\Acer\\Desktop\\Veera\\node_modules\\sequelize\\lib\\dialects\\abstract\\query-interface.js:250:12)\n    at async Performance.sync (C:\\Users\\Acer\\Desktop\\Veera\\node_modules\\sequelize\\lib\\model.js:999:7)\n    at async Sequelize.sync (C:\\Users\\Acer\\Desktop\\Veera\\node_modules\\sequelize\\lib\\sequelize.js:377:9)","name":"SequelizeDatabaseError","parent":{"length":104,"name":"error","severity":"ERROR","code":"42703","file":"indexcmds.c","line":"1787","routine":"ComputeIndexAttrs","sql":"CREATE INDEX \"performances_status_classification\" ON \"Performances\" (\"status\", \"classification\")"},"original":{"length":104,"name":"error","severity":"ERROR","code":"42703","file":"indexcmds.c","line":"1787","routine":"ComputeIndexAttrs","sql":"CREATE INDEX \"performances_status_classification\" ON \"Performances\" (\"status\", \"classification\")"},"sql":"CREATE INDEX \"performances_status_classification\" ON \"Performances\" (\"status\", \"classification\")","parameters":{},"level":"info","timestamp":"2023-05-17T14:08:52.959Z"}
{"level":"info","message":"Message table created","timestamp":"2023-05-17T14:14:37.986Z"}
{"level":"info","message":"Listening on  http://localhost:3001","timestamp":"2023-05-17T14:14:38.414Z"}
{"level":"info","message":"Database connected...","timestamp":"2023-05-17T14:14:42.210Z"}
{"message":"Tables NOT created...","stack":"Error\n    at Query.run (C:\\Users\\Acer\\Desktop\\Veera\\node_modules\\sequelize\\lib\\dialects\\postgres\\query.js:50:25)\n    at C:\\Users\\Acer\\Desktop\\Veera\\node_modules\\sequelize\\lib\\sequelize.js:315:28\n    at process.processTicksAndRejections (node:internal/process/task_queues:95:5)\n    at async PostgresQueryInterface.addIndex (C:\\Users\\Acer\\Desktop\\Veera\\node_modules\\sequelize\\lib\\dialects\\abstract\\query-interface.js:250:12)\n    at async Performance.sync (C:\\Users\\Acer\\Desktop\\Veera\\node_modules\\sequelize\\lib\\model.js:999:7)\n    at async Sequelize.sync (C:\\Users\\Acer\\Desktop\\Veera\\node_modules\\sequelize\\lib\\sequelize.js:377:9)","name":"SequelizeDatabaseError","parent":{"length":104,"name":"error","severity":"ERROR","code":"42703","file":"indexcmds.c","line":"1787","routine":"ComputeIndexAttrs","sql":"CREATE INDEX \"performances_status_classification\" ON \"Performances\" (\"status\", \"classification\")"},"original":{"length":104,"name":"error","severity":"ERROR","code":"42703","file":"indexcmds.c","line":"1787","routine":"ComputeIndexAttrs","sql":"CREATE INDEX \"performances_status_classification\" ON \"Performances\" (\"status\", \"classification\")"},"sql":"CREATE INDEX \"performances_status_classification\" ON \"Performances\" (\"status\", \"classification\")","parameters":{},"level":"info","timestamp":"2023-05-17T14:15:00.149Z"}
{"level":"info","message":"Message table created","timestamp":"2023-05-17T14:17:08.879Z"}
{"level":"info","message":"Listening on  http://localhost:3001","timestamp":"2023-05-17T14:17:09.007Z"}
{"level":"info","message":"Database connected...","timestamp":"2023-05-17T14:17:12.348Z"}
{"message":"Tables NOT created...","stack":"Error\n    at Query.run (C:\\Users\\Acer\\Desktop\\Veera\\node_modules\\sequelize\\lib\\dialects\\postgres\\query.js:50:25)\n    at C:\\Users\\Acer\\Desktop\\Veera\\node_modules\\sequelize\\lib\\sequelize.js:315:28\n    at process.processTicksAndRejections (node:internal/process/task_queues:95:5)\n    at async PostgresQueryInterface.addIndex (C:\\Users\\Acer\\Desktop\\Veera\\node_modules\\sequelize\\lib\\dialects\\abstract\\query-interface.js:250:12)\n    at async Performance.sync (C:\\Users\\Acer\\Desktop\\Veera\\node_modules\\sequelize\\lib\\model.js:999:7)\n    at async Sequelize.sync (C:\\Users\\Acer\\Desktop\\Veera\\node_modules\\sequelize\\lib\\sequelize.js:377:9)","name":"SequelizeDatabaseError","parent":{"length":104,"name":"error","severity":"ERROR","code":"42703","file":"indexcmds.c","line":"1787","routine":"ComputeIndexAttrs","sql":"CREATE INDEX \"performances_status_classification\" ON \"Performances\" (\"status\", \"classification\")"},"original":{"length":104,"name":"error","severity":"ERROR","code":"42703","file":"indexcmds.c","line":"1787","routine":"ComputeIndexAttrs","sql":"CREATE INDEX \"performances_status_classification\" ON \"Performances\" (\"status\", \"classification\")"},"sql":"CREATE INDEX \"performances_status_classification\" ON \"Performances\" (\"status\", \"classification\")","parameters":{},"level":"info","timestamp":"2023-05-17T14:17:29.580Z"}
{"level":"info","message":"Message table created","timestamp":"2023-05-17T14:17:56.336Z"}
{"level":"info","message":"Listening on  http://localhost:3001","timestamp":"2023-05-17T14:17:56.462Z"}
{"level":"info","message":"Database connected...","timestamp":"2023-05-17T14:17:59.676Z"}
{"message":"Tables NOT created...","stack":"Error\n    at Query.run (C:\\Users\\Acer\\Desktop\\Veera\\node_modules\\sequelize\\lib\\dialects\\postgres\\query.js:50:25)\n    at C:\\Users\\Acer\\Desktop\\Veera\\node_modules\\sequelize\\lib\\sequelize.js:315:28\n    at process.processTicksAndRejections (node:internal/process/task_queues:95:5)\n    at async PostgresQueryInterface.addIndex (C:\\Users\\Acer\\Desktop\\Veera\\node_modules\\sequelize\\lib\\dialects\\abstract\\query-interface.js:250:12)\n    at async Performance.sync (C:\\Users\\Acer\\Desktop\\Veera\\node_modules\\sequelize\\lib\\model.js:999:7)\n    at async Sequelize.sync (C:\\Users\\Acer\\Desktop\\Veera\\node_modules\\sequelize\\lib\\sequelize.js:377:9)","name":"SequelizeDatabaseError","parent":{"length":104,"name":"error","severity":"ERROR","code":"42703","file":"indexcmds.c","line":"1787","routine":"ComputeIndexAttrs","sql":"CREATE INDEX \"performances_status_classification\" ON \"Performances\" (\"status\", \"classification\")"},"original":{"length":104,"name":"error","severity":"ERROR","code":"42703","file":"indexcmds.c","line":"1787","routine":"ComputeIndexAttrs","sql":"CREATE INDEX \"performances_status_classification\" ON \"Performances\" (\"status\", \"classification\")"},"sql":"CREATE INDEX \"performances_status_classification\" ON \"Performances\" (\"status\", \"classification\")","parameters":{},"level":"info","timestamp":"2023-05-17T14:18:16.358Z"}
{"level":"info","message":"Message table created","timestamp":"2023-05-17T14:19:16.172Z"}
{"level":"info","message":"Listening on  http://localhost:3001","timestamp":"2023-05-17T14:19:16.340Z"}
{"level":"info","message":"Database connected...","timestamp":"2023-05-17T14:19:19.407Z"}
{"level":"info","message":"Message table created","timestamp":"2023-05-17T14:19:36.975Z"}
{"level":"info","message":"Listening on  http://localhost:3001","timestamp":"2023-05-17T14:19:37.073Z"}
{"level":"info","message":"Message table created","timestamp":"2023-05-18T08:42:44.439Z"}
{"level":"info","message":"Listening on  http://localhost:3001","timestamp":"2023-05-18T08:42:45.496Z"}
{"level":"info","message":"Database connected...","timestamp":"2023-05-18T08:42:49.373Z"}
{"message":"Tables NOT created...","stack":"Error\n    at Query.run (C:\\Users\\Acer\\Desktop\\Veera\\node_modules\\sequelize\\lib\\dialects\\postgres\\query.js:50:25)\n    at C:\\Users\\Acer\\Desktop\\Veera\\node_modules\\sequelize\\lib\\sequelize.js:315:28\n    at process.processTicksAndRejections (node:internal/process/task_queues:95:5)\n    at async PostgresQueryInterface.addIndex (C:\\Users\\Acer\\Desktop\\Veera\\node_modules\\sequelize\\lib\\dialects\\abstract\\query-interface.js:250:12)\n    at async Performance.sync (C:\\Users\\Acer\\Desktop\\Veera\\node_modules\\sequelize\\lib\\model.js:999:7)\n    at async Sequelize.sync (C:\\Users\\Acer\\Desktop\\Veera\\node_modules\\sequelize\\lib\\sequelize.js:377:9)","name":"SequelizeDatabaseError","parent":{"length":104,"name":"error","severity":"ERROR","code":"42703","file":"indexcmds.c","line":"1787","routine":"ComputeIndexAttrs","sql":"CREATE INDEX \"performances_status_classification\" ON \"Performances\" (\"status\", \"classification\")"},"original":{"length":104,"name":"error","severity":"ERROR","code":"42703","file":"indexcmds.c","line":"1787","routine":"ComputeIndexAttrs","sql":"CREATE INDEX \"performances_status_classification\" ON \"Performances\" (\"status\", \"classification\")"},"sql":"CREATE INDEX \"performances_status_classification\" ON \"Performances\" (\"status\", \"classification\")","parameters":{},"level":"info","timestamp":"2023-05-18T08:43:07.725Z"}
{"level":"info","message":"Message table created","timestamp":"2023-05-19T14:59:52.942Z"}
{"level":"info","message":"Listening on  http://localhost:3001","timestamp":"2023-05-19T14:59:53.532Z"}
{"level":"info","message":"Database connected...","timestamp":"2023-05-19T14:59:57.721Z"}
{"level":"info","message":"Message table created","timestamp":"2023-05-19T15:00:06.232Z"}
{"level":"info","message":"Listening on  http://localhost:3001","timestamp":"2023-05-19T15:00:08.305Z"}
{"level":"info","message":"Database connected...","timestamp":"2023-05-19T15:00:11.271Z"}
{"message":"Tables NOT created...","stack":"Error\n    at Query.run (C:\\Users\\Acer\\Desktop\\Veera\\node_modules\\sequelize\\lib\\dialects\\postgres\\query.js:50:25)\n    at C:\\Users\\Acer\\Desktop\\Veera\\node_modules\\sequelize\\lib\\sequelize.js:315:28\n    at process.processTicksAndRejections (node:internal/process/task_queues:95:5)\n    at async PostgresQueryInterface.addIndex (C:\\Users\\Acer\\Desktop\\Veera\\node_modules\\sequelize\\lib\\dialects\\abstract\\query-interface.js:250:12)\n    at async Performance.sync (C:\\Users\\Acer\\Desktop\\Veera\\node_modules\\sequelize\\lib\\model.js:999:7)\n    at async Sequelize.sync (C:\\Users\\Acer\\Desktop\\Veera\\node_modules\\sequelize\\lib\\sequelize.js:377:9)","name":"SequelizeDatabaseError","parent":{"length":104,"name":"error","severity":"ERROR","code":"42703","file":"indexcmds.c","line":"1787","routine":"ComputeIndexAttrs","sql":"CREATE INDEX \"performances_status_classification\" ON \"Performances\" (\"status\", \"classification\")"},"original":{"length":104,"name":"error","severity":"ERROR","code":"42703","file":"indexcmds.c","line":"1787","routine":"ComputeIndexAttrs","sql":"CREATE INDEX \"performances_status_classification\" ON \"Performances\" (\"status\", \"classification\")"},"sql":"CREATE INDEX \"performances_status_classification\" ON \"Performances\" (\"status\", \"classification\")","parameters":{},"level":"info","timestamp":"2023-05-19T15:00:28.663Z"}
{"level":"info","message":"Message table created","timestamp":"2023-05-19T15:31:34.697Z"}
{"level":"info","message":"Listening on  http://localhost:3001","timestamp":"2023-05-19T15:31:34.995Z"}
{"level":"info","message":"Database connected...","timestamp":"2023-05-19T15:31:38.673Z"}
{"level":"info","message":"Message table created","timestamp":"2023-05-19T15:31:49.393Z"}
{"level":"info","message":"Listening on  http://localhost:3001","timestamp":"2023-05-19T15:31:49.508Z"}
{"level":"info","message":"Database connected...","timestamp":"2023-05-19T15:31:53.037Z"}
{"message":"Tables NOT created...","stack":"Error\n    at Query.run (C:\\Users\\Acer\\Desktop\\Veera\\node_modules\\sequelize\\lib\\dialects\\postgres\\query.js:50:25)\n    at C:\\Users\\Acer\\Desktop\\Veera\\node_modules\\sequelize\\lib\\sequelize.js:315:28\n    at process.processTicksAndRejections (node:internal/process/task_queues:95:5)\n    at async PostgresQueryInterface.addIndex (C:\\Users\\Acer\\Desktop\\Veera\\node_modules\\sequelize\\lib\\dialects\\abstract\\query-interface.js:250:12)\n    at async Performance.sync (C:\\Users\\Acer\\Desktop\\Veera\\node_modules\\sequelize\\lib\\model.js:999:7)\n    at async Sequelize.sync (C:\\Users\\Acer\\Desktop\\Veera\\node_modules\\sequelize\\lib\\sequelize.js:377:9)","name":"SequelizeDatabaseError","parent":{"length":104,"name":"error","severity":"ERROR","code":"42703","file":"indexcmds.c","line":"1787","routine":"ComputeIndexAttrs","sql":"CREATE INDEX \"performances_status_classification\" ON \"Performances\" (\"status\", \"classification\")"},"original":{"length":104,"name":"error","severity":"ERROR","code":"42703","file":"indexcmds.c","line":"1787","routine":"ComputeIndexAttrs","sql":"CREATE INDEX \"performances_status_classification\" ON \"Performances\" (\"status\", \"classification\")"},"sql":"CREATE INDEX \"performances_status_classification\" ON \"Performances\" (\"status\", \"classification\")","parameters":{},"level":"info","timestamp":"2023-05-19T15:32:10.819Z"}
{"level":"info","message":"Message table created","timestamp":"2023-05-19T15:35:11.185Z"}
{"level":"info","message":"Listening on  http://localhost:3001","timestamp":"2023-05-19T15:35:11.440Z"}
{"level":"info","message":"Database connected...","timestamp":"2023-05-19T15:35:15.645Z"}
{"message":"Tables NOT created...","stack":"Error\n    at Query.run (C:\\Users\\Acer\\Desktop\\Veera\\node_modules\\sequelize\\lib\\dialects\\postgres\\query.js:50:25)\n    at C:\\Users\\Acer\\Desktop\\Veera\\node_modules\\sequelize\\lib\\sequelize.js:315:28\n    at process.processTicksAndRejections (node:internal/process/task_queues:95:5)\n    at async PostgresQueryInterface.addIndex (C:\\Users\\Acer\\Desktop\\Veera\\node_modules\\sequelize\\lib\\dialects\\abstract\\query-interface.js:250:12)\n    at async Performance.sync (C:\\Users\\Acer\\Desktop\\Veera\\node_modules\\sequelize\\lib\\model.js:999:7)\n    at async Sequelize.sync (C:\\Users\\Acer\\Desktop\\Veera\\node_modules\\sequelize\\lib\\sequelize.js:377:9)","name":"SequelizeDatabaseError","parent":{"length":104,"name":"error","severity":"ERROR","code":"42703","file":"indexcmds.c","line":"1787","routine":"ComputeIndexAttrs","sql":"CREATE INDEX \"performances_status_classification\" ON \"Performances\" (\"status\", \"classification\")"},"original":{"length":104,"name":"error","severity":"ERROR","code":"42703","file":"indexcmds.c","line":"1787","routine":"ComputeIndexAttrs","sql":"CREATE INDEX \"performances_status_classification\" ON \"Performances\" (\"status\", \"classification\")"},"sql":"CREATE INDEX \"performances_status_classification\" ON \"Performances\" (\"status\", \"classification\")","parameters":{},"level":"info","timestamp":"2023-05-19T15:35:34.381Z"}
{"level":"info","message":"Message table created","timestamp":"2023-05-19T15:37:57.610Z"}
{"level":"info","message":"Listening on  http://localhost:3001","timestamp":"2023-05-19T15:37:57.799Z"}
{"level":"info","message":"Database connected...","timestamp":"2023-05-19T15:38:01.597Z"}
{"message":"Tables NOT created...","stack":"Error\n    at Query.run (C:\\Users\\Acer\\Desktop\\Veera\\node_modules\\sequelize\\lib\\dialects\\postgres\\query.js:50:25)\n    at C:\\Users\\Acer\\Desktop\\Veera\\node_modules\\sequelize\\lib\\sequelize.js:315:28\n    at process.processTicksAndRejections (node:internal/process/task_queues:95:5)\n    at async Promise.all (index 0)\n    at async PostgresQueryInterface.dropTable (C:\\Users\\Acer\\Desktop\\Veera\\node_modules\\sequelize\\lib\\dialects\\postgres\\query-interface.js:167:5)\n    at async Education.drop (C:\\Users\\Acer\\Desktop\\Veera\\node_modules\\sequelize\\lib\\model.js:1007:12)\n    at async Sequelize.drop (C:\\Users\\Acer\\Desktop\\Veera\\node_modules\\sequelize\\lib\\sequelize.js:429:9)\n    at async Sequelize.sync (C:\\Users\\Acer\\Desktop\\Veera\\node_modules\\sequelize\\lib\\sequelize.js:366:7)","name":"SequelizeDatabaseError","parent":{"errno":-4077,"code":"ECONNRESET","syscall":"read","sql":"DROP TYPE IF EXISTS \"public\".\"enum_Education_type\";"},"original":{"errno":-4077,"code":"ECONNRESET","syscall":"read","sql":"DROP TYPE IF EXISTS \"public\".\"enum_Education_type\";"},"sql":"DROP TYPE IF EXISTS \"public\".\"enum_Education_type\";","parameters":{},"level":"info","timestamp":"2023-05-19T15:38:09.786Z"}
{"level":"info","message":"Message table created","timestamp":"2023-05-19T15:56:55.317Z"}
{"level":"info","message":"Listening on  http://localhost:3001","timestamp":"2023-05-19T15:56:55.861Z"}
{"level":"info","message":"Database connected...","timestamp":"2023-05-19T15:57:06.559Z"}
{"message":"Tables NOT created...","stack":"Error\n    at Query.run (C:\\Users\\Acer\\Desktop\\Veera\\node_modules\\sequelize\\lib\\dialects\\postgres\\query.js:50:25)\n    at C:\\Users\\Acer\\Desktop\\Veera\\node_modules\\sequelize\\lib\\sequelize.js:315:28\n    at process.processTicksAndRejections (node:internal/process/task_queues:95:5)\n    at async PostgresQueryInterface.addIndex (C:\\Users\\Acer\\Desktop\\Veera\\node_modules\\sequelize\\lib\\dialects\\abstract\\query-interface.js:250:12)\n    at async Performance.sync (C:\\Users\\Acer\\Desktop\\Veera\\node_modules\\sequelize\\lib\\model.js:999:7)\n    at async Sequelize.sync (C:\\Users\\Acer\\Desktop\\Veera\\node_modules\\sequelize\\lib\\sequelize.js:377:9)","name":"SequelizeDatabaseError","parent":{"length":104,"name":"error","severity":"ERROR","code":"42703","file":"indexcmds.c","line":"1787","routine":"ComputeIndexAttrs","sql":"CREATE INDEX \"performances_status_classification\" ON \"Performances\" (\"status\", \"classification\")"},"original":{"length":104,"name":"error","severity":"ERROR","code":"42703","file":"indexcmds.c","line":"1787","routine":"ComputeIndexAttrs","sql":"CREATE INDEX \"performances_status_classification\" ON \"Performances\" (\"status\", \"classification\")"},"sql":"CREATE INDEX \"performances_status_classification\" ON \"Performances\" (\"status\", \"classification\")","parameters":{},"level":"info","timestamp":"2023-05-19T15:57:26.521Z"}
{"level":"info","message":"Message table created","timestamp":"2023-05-19T16:00:04.965Z"}
{"level":"info","message":"Listening on  http://localhost:3001","timestamp":"2023-05-19T16:00:06.220Z"}
{"level":"info","message":"Database connected...","timestamp":"2023-05-19T16:00:11.250Z"}
{"message":"Tables NOT created...","stack":"Error\n    at Query.run (C:\\Users\\Acer\\Desktop\\Veera\\node_modules\\sequelize\\lib\\dialects\\postgres\\query.js:50:25)\n    at C:\\Users\\Acer\\Desktop\\Veera\\node_modules\\sequelize\\lib\\sequelize.js:315:28\n    at process.processTicksAndRejections (node:internal/process/task_queues:95:5)\n    at async PostgresQueryInterface.addIndex (C:\\Users\\Acer\\Desktop\\Veera\\node_modules\\sequelize\\lib\\dialects\\abstract\\query-interface.js:250:12)\n    at async Performance.sync (C:\\Users\\Acer\\Desktop\\Veera\\node_modules\\sequelize\\lib\\model.js:999:7)\n    at async Sequelize.sync (C:\\Users\\Acer\\Desktop\\Veera\\node_modules\\sequelize\\lib\\sequelize.js:377:9)","name":"SequelizeDatabaseError","parent":{"length":104,"name":"error","severity":"ERROR","code":"42703","file":"indexcmds.c","line":"1787","routine":"ComputeIndexAttrs","sql":"CREATE INDEX \"performances_status_classification\" ON \"Performances\" (\"status\", \"classification\")"},"original":{"length":104,"name":"error","severity":"ERROR","code":"42703","file":"indexcmds.c","line":"1787","routine":"ComputeIndexAttrs","sql":"CREATE INDEX \"performances_status_classification\" ON \"Performances\" (\"status\", \"classification\")"},"sql":"CREATE INDEX \"performances_status_classification\" ON \"Performances\" (\"status\", \"classification\")","parameters":{},"level":"info","timestamp":"2023-05-19T16:00:29.262Z"}
{"level":"info","message":"Message table created","timestamp":"2023-05-19T16:09:01.201Z"}
{"level":"info","message":"Listening on  http://localhost:3001","timestamp":"2023-05-19T16:09:01.484Z"}
{"level":"info","message":"Database connected...","timestamp":"2023-05-19T16:09:05.134Z"}
{"message":"Tables NOT created...","stack":"Error\n    at Query.run (C:\\Users\\Acer\\Desktop\\Veera\\node_modules\\sequelize\\lib\\dialects\\postgres\\query.js:50:25)\n    at C:\\Users\\Acer\\Desktop\\Veera\\node_modules\\sequelize\\lib\\sequelize.js:315:28\n    at process.processTicksAndRejections (node:internal/process/task_queues:95:5)\n    at async PostgresQueryInterface.addIndex (C:\\Users\\Acer\\Desktop\\Veera\\node_modules\\sequelize\\lib\\dialects\\abstract\\query-interface.js:250:12)\n    at async Performance.sync (C:\\Users\\Acer\\Desktop\\Veera\\node_modules\\sequelize\\lib\\model.js:999:7)\n    at async Sequelize.sync (C:\\Users\\Acer\\Desktop\\Veera\\node_modules\\sequelize\\lib\\sequelize.js:377:9)","name":"SequelizeDatabaseError","parent":{"length":104,"name":"error","severity":"ERROR","code":"42703","file":"indexcmds.c","line":"1787","routine":"ComputeIndexAttrs","sql":"CREATE INDEX \"performances_status_classification\" ON \"Performances\" (\"status\", \"classification\")"},"original":{"length":104,"name":"error","severity":"ERROR","code":"42703","file":"indexcmds.c","line":"1787","routine":"ComputeIndexAttrs","sql":"CREATE INDEX \"performances_status_classification\" ON \"Performances\" (\"status\", \"classification\")"},"sql":"CREATE INDEX \"performances_status_classification\" ON \"Performances\" (\"status\", \"classification\")","parameters":{},"level":"info","timestamp":"2023-05-19T16:09:23.340Z"}
{"level":"info","message":"Message table created","timestamp":"2023-05-19T16:11:01.922Z"}
{"level":"info","message":"Listening on  http://localhost:3001","timestamp":"2023-05-19T16:11:02.091Z"}
{"level":"info","message":"Database connected...","timestamp":"2023-05-19T16:11:06.100Z"}
{"level":"info","message":"Message table created","timestamp":"2023-05-19T16:11:20.968Z"}
{"level":"info","message":"Listening on  http://localhost:3001","timestamp":"2023-05-19T16:11:21.207Z"}
{"level":"info","message":"Message table created","timestamp":"2023-05-19T16:11:32.485Z"}
{"level":"info","message":"Listening on  http://localhost:3001","timestamp":"2023-05-19T16:11:32.681Z"}
{"level":"info","message":"Database connected...","timestamp":"2023-05-19T16:11:37.695Z"}
{"message":"Tables NOT created...","stack":"Error\n    at Query.run (C:\\Users\\Acer\\Desktop\\Veera\\node_modules\\sequelize\\lib\\dialects\\postgres\\query.js:50:25)\n    at C:\\Users\\Acer\\Desktop\\Veera\\node_modules\\sequelize\\lib\\sequelize.js:315:28\n    at process.processTicksAndRejections (node:internal/process/task_queues:95:5)\n    at async PostgresQueryInterface.addIndex (C:\\Users\\Acer\\Desktop\\Veera\\node_modules\\sequelize\\lib\\dialects\\abstract\\query-interface.js:250:12)\n    at async Performance.sync (C:\\Users\\Acer\\Desktop\\Veera\\node_modules\\sequelize\\lib\\model.js:999:7)\n    at async Sequelize.sync (C:\\Users\\Acer\\Desktop\\Veera\\node_modules\\sequelize\\lib\\sequelize.js:377:9)","name":"SequelizeDatabaseError","parent":{"length":104,"name":"error","severity":"ERROR","code":"42703","file":"indexcmds.c","line":"1787","routine":"ComputeIndexAttrs","sql":"CREATE INDEX \"performances_status_classification\" ON \"Performances\" (\"status\", \"classification\")"},"original":{"length":104,"name":"error","severity":"ERROR","code":"42703","file":"indexcmds.c","line":"1787","routine":"ComputeIndexAttrs","sql":"CREATE INDEX \"performances_status_classification\" ON \"Performances\" (\"status\", \"classification\")"},"sql":"CREATE INDEX \"performances_status_classification\" ON \"Performances\" (\"status\", \"classification\")","parameters":{},"level":"info","timestamp":"2023-05-19T16:11:55.998Z"}
{"level":"info","message":"Message table created","timestamp":"2023-05-19T16:14:00.134Z"}
{"level":"info","message":"Listening on  http://localhost:3001","timestamp":"2023-05-19T16:14:00.258Z"}
{"level":"info","message":"Database connected...","timestamp":"2023-05-19T16:14:03.917Z"}
{"message":"Tables NOT created...","stack":"Error\n    at Query.run (C:\\Users\\Acer\\Desktop\\Veera\\node_modules\\sequelize\\lib\\dialects\\postgres\\query.js:50:25)\n    at C:\\Users\\Acer\\Desktop\\Veera\\node_modules\\sequelize\\lib\\sequelize.js:315:28\n    at process.processTicksAndRejections (node:internal/process/task_queues:95:5)\n    at async PostgresQueryInterface.addIndex (C:\\Users\\Acer\\Desktop\\Veera\\node_modules\\sequelize\\lib\\dialects\\abstract\\query-interface.js:250:12)\n    at async Performance.sync (C:\\Users\\Acer\\Desktop\\Veera\\node_modules\\sequelize\\lib\\model.js:999:7)\n    at async Sequelize.sync (C:\\Users\\Acer\\Desktop\\Veera\\node_modules\\sequelize\\lib\\sequelize.js:377:9)","name":"SequelizeDatabaseError","parent":{"length":104,"name":"error","severity":"ERROR","code":"42703","file":"indexcmds.c","line":"1787","routine":"ComputeIndexAttrs","sql":"CREATE INDEX \"performances_status_classification\" ON \"Performances\" (\"status\", \"classification\")"},"original":{"length":104,"name":"error","severity":"ERROR","code":"42703","file":"indexcmds.c","line":"1787","routine":"ComputeIndexAttrs","sql":"CREATE INDEX \"performances_status_classification\" ON \"Performances\" (\"status\", \"classification\")"},"sql":"CREATE INDEX \"performances_status_classification\" ON \"Performances\" (\"status\", \"classification\")","parameters":{},"level":"info","timestamp":"2023-05-19T16:14:22.339Z"}
{"level":"info","message":"Message table created","timestamp":"2023-05-19T16:14:52.059Z"}
{"level":"info","message":"Listening on  http://localhost:3001","timestamp":"2023-05-19T16:14:52.583Z"}
{"level":"info","message":"Message table created","timestamp":"2023-05-19T16:15:11.295Z"}
{"level":"info","message":"Listening on  http://localhost:3001","timestamp":"2023-05-19T16:15:11.457Z"}
{"level":"info","message":"Database connected...","timestamp":"2023-05-19T16:15:15.475Z"}
{"message":"Tables NOT created...","stack":"Error\n    at Query.run (C:\\Users\\Acer\\Desktop\\Veera\\node_modules\\sequelize\\lib\\dialects\\postgres\\query.js:50:25)\n    at C:\\Users\\Acer\\Desktop\\Veera\\node_modules\\sequelize\\lib\\sequelize.js:315:28\n    at process.processTicksAndRejections (node:internal/process/task_queues:95:5)\n    at async PostgresQueryInterface.addIndex (C:\\Users\\Acer\\Desktop\\Veera\\node_modules\\sequelize\\lib\\dialects\\abstract\\query-interface.js:250:12)\n    at async Performance.sync (C:\\Users\\Acer\\Desktop\\Veera\\node_modules\\sequelize\\lib\\model.js:999:7)\n    at async Sequelize.sync (C:\\Users\\Acer\\Desktop\\Veera\\node_modules\\sequelize\\lib\\sequelize.js:377:9)","name":"SequelizeDatabaseError","parent":{"length":104,"name":"error","severity":"ERROR","code":"42703","file":"indexcmds.c","line":"1787","routine":"ComputeIndexAttrs","sql":"CREATE INDEX \"performances_status_classification\" ON \"Performances\" (\"status\", \"classification\")"},"original":{"length":104,"name":"error","severity":"ERROR","code":"42703","file":"indexcmds.c","line":"1787","routine":"ComputeIndexAttrs","sql":"CREATE INDEX \"performances_status_classification\" ON \"Performances\" (\"status\", \"classification\")"},"sql":"CREATE INDEX \"performances_status_classification\" ON \"Performances\" (\"status\", \"classification\")","parameters":{},"level":"info","timestamp":"2023-05-19T16:15:32.080Z"}
{"level":"info","message":"Message table created","timestamp":"2023-05-19T16:17:52.300Z"}
{"level":"info","message":"Listening on  http://localhost:3001","timestamp":"2023-05-19T16:17:52.510Z"}
{"level":"info","message":"Database connected...","timestamp":"2023-05-19T16:17:56.710Z"}
{"message":"Tables NOT created...","stack":"Error\n    at Query.run (C:\\Users\\Acer\\Desktop\\Veera\\node_modules\\sequelize\\lib\\dialects\\postgres\\query.js:50:25)\n    at C:\\Users\\Acer\\Desktop\\Veera\\node_modules\\sequelize\\lib\\sequelize.js:315:28\n    at process.processTicksAndRejections (node:internal/process/task_queues:95:5)\n    at async PostgresQueryInterface.addIndex (C:\\Users\\Acer\\Desktop\\Veera\\node_modules\\sequelize\\lib\\dialects\\abstract\\query-interface.js:250:12)\n    at async Performance.sync (C:\\Users\\Acer\\Desktop\\Veera\\node_modules\\sequelize\\lib\\model.js:999:7)\n    at async Sequelize.sync (C:\\Users\\Acer\\Desktop\\Veera\\node_modules\\sequelize\\lib\\sequelize.js:377:9)","name":"SequelizeDatabaseError","parent":{"length":104,"name":"error","severity":"ERROR","code":"42703","file":"indexcmds.c","line":"1787","routine":"ComputeIndexAttrs","sql":"CREATE INDEX \"performances_status_classification\" ON \"Performances\" (\"status\", \"classification\")"},"original":{"length":104,"name":"error","severity":"ERROR","code":"42703","file":"indexcmds.c","line":"1787","routine":"ComputeIndexAttrs","sql":"CREATE INDEX \"performances_status_classification\" ON \"Performances\" (\"status\", \"classification\")"},"sql":"CREATE INDEX \"performances_status_classification\" ON \"Performances\" (\"status\", \"classification\")","parameters":{},"level":"info","timestamp":"2023-05-19T16:18:14.201Z"}
